@storybook/cli v7.0.20

info => Cleaning outputDir: C:\Users\ygjung\AppData\Local\Temp\chromatic--7116-7m7qDlyjRe00
info => Loading presets
info => Building manager..
info => Manager built (580 ms)
info => Copying static files: C:\Users\ygjung\git\inpiniti\inpiniti-core\node_modules\@storybook\manager\static at C:\Users\ygjung\AppData\Local\Temp\chromatic--7116-7m7qDlyjRe00\sb-common-assets
[36mvite v4.3.9 [32mbuilding for production...[36m[39m

./sb-common-assets/fonts.css doesn't exist at build time, it will remain unchanged to be resolved at runtime
transforming...
info => Copying static files: C:\Users\ygjung\git\inpiniti\inpiniti-core\public at C:\Users\ygjung\AppData\Local\Temp\chromatic--7116-7m7qDlyjRe00\
Use of eval in "node_modules/telejson/dist/index.mjs" is strongly discouraged as it poses security risks and may cause issues with minification.
Use of eval in "node_modules/telejson/dist/index.mjs" is strongly discouraged as it poses security risks and may cause issues with minification.
[32m✓[39m 1370 modules transformed.
rendering chunks...
computing gzip size...
[2m../../../AppData/Local/Temp/chromatic--7116-7m7qDlyjRe00/[22m[32massets/direction-94a9917f.svg                       [39m[1m[2m  1.28 kB[22m[1m[22m[2m │ gzip:   0.71 kB[22m
[2m../../../AppData/Local/Temp/chromatic--7116-7m7qDlyjRe00/[22m[32massets/flow-275142c6.svg                            [39m[1m[2m  1.39 kB[22m[1m[22m[2m │ gzip:   0.68 kB[22m
[2m../../../AppData/Local/Temp/chromatic--7116-7m7qDlyjRe00/[22m[32massets/code-brackets-9ef6443e.svg                   [39m[1m[2m  1.46 kB[22m[1m[22m[2m │ gzip:   0.69 kB[22m
[2m../../../AppData/Local/Temp/chromatic--7116-7m7qDlyjRe00/[22m[32massets/comments-f15a6837.svg                        [39m[1m[2m  1.53 kB[22m[1m[22m[2m │ gzip:   0.70 kB[22m
[2m../../../AppData/Local/Temp/chromatic--7116-7m7qDlyjRe00/[22m[32massets/repo-fb4ece47.svg                            [39m[1m[2m  1.64 kB[22m[1m[22m[2m │ gzip:   0.83 kB[22m
[2m../../../AppData/Local/Temp/chromatic--7116-7m7qDlyjRe00/[22m[32massets/plugin-57148314.svg                          [39m[1m[2m  2.17 kB[22m[1m[22m[2m │ gzip:   0.98 kB[22m
[2m../../../AppData/Local/Temp/chromatic--7116-7m7qDlyjRe00/[22m[32massets/stackalt-2ad81543.svg                        [39m[1m[2m  2.55 kB[22m[1m[22m[2m │ gzip:   1.09 kB[22m
[2m../../../AppData/Local/Temp/chromatic--7116-7m7qDlyjRe00/[22m[32massets/colors-ac9401f3.svg                          [39m[1m[2m  8.51 kB[22m[1m[22m[2m │ gzip:   3.61 kB[22m
[2m../../../AppData/Local/Temp/chromatic--7116-7m7qDlyjRe00/[22m[32miframe.html                                         [39m[1m[2m 12.74 kB[22m[1m[22m[2m │ gzip:   3.56 kB[22m
[2m../../../AppData/Local/Temp/chromatic--7116-7m7qDlyjRe00/[22m[35massets/Header-e719f21b.css                          [39m[1m[2m  0.43 kB[22m[1m[22m[2m │ gzip:   0.29 kB[22m
[2m../../../AppData/Local/Temp/chromatic--7116-7m7qDlyjRe00/[22m[35massets/Button-bc1a867b.css                          [39m[1m[2m  0.52 kB[22m[1m[22m[2m │ gzip:   0.29 kB[22m
[2m../../../AppData/Local/Temp/chromatic--7116-7m7qDlyjRe00/[22m[35massets/Page.stories-62652a55.css                    [39m[1m[2m  0.85 kB[22m[1m[22m[2m │ gzip:   0.38 kB[22m
[2m../../../AppData/Local/Temp/chromatic--7116-7m7qDlyjRe00/[22m[36massets/preview-1e5c59db.js                          [39m[1m[2m  0.19 kB[22m[1m[22m[2m │ gzip:   0.19 kB[22m[2m │ map:     0.58 kB[22m
[2m../../../AppData/Local/Temp/chromatic--7116-7m7qDlyjRe00/[22m[36massets/index-d475d2ea.js                            [39m[1m[2m  0.21 kB[22m[1m[22m[2m │ gzip:   0.17 kB[22m[2m │ map:     0.81 kB[22m
[2m../../../AppData/Local/Temp/chromatic--7116-7m7qDlyjRe00/[22m[36massets/index-186b3228.js                            [39m[1m[2m  0.25 kB[22m[1m[22m[2m │ gzip:   0.20 kB[22m[2m │ map:     0.10 kB[22m
[2m../../../AppData/Local/Temp/chromatic--7116-7m7qDlyjRe00/[22m[36massets/WithTooltip-FBT32F6Q-17061bc8.js             [39m[1m[2m  0.42 kB[22m[1m[22m[2m │ gzip:   0.26 kB[22m[2m │ map:     0.11 kB[22m
[2m../../../AppData/Local/Temp/chromatic--7116-7m7qDlyjRe00/[22m[36massets/syntaxhighlighter-QTQ2UBB4-b75fc6f2.js       [39m[1m[2m  0.44 kB[22m[1m[22m[2m │ gzip:   0.28 kB[22m[2m │ map:     0.12 kB[22m
[2m../../../AppData/Local/Temp/chromatic--7116-7m7qDlyjRe00/[22m[36massets/index-1d576ef5.js                            [39m[1m[2m  0.53 kB[22m[1m[22m[2m │ gzip:   0.34 kB[22m[2m │ map:     4.26 kB[22m
[2m../../../AppData/Local/Temp/chromatic--7116-7m7qDlyjRe00/[22m[36massets/preview-0488d53d.js                          [39m[1m[2m  0.54 kB[22m[1m[22m[2m │ gzip:   0.33 kB[22m[2m │ map:     0.54 kB[22m
[2m../../../AppData/Local/Temp/chromatic--7116-7m7qDlyjRe00/[22m[36massets/react-18-bc66fb82.js                         [39m[1m[2m  0.59 kB[22m[1m[22m[2m │ gzip:   0.38 kB[22m[2m │ map:     2.59 kB[22m
[2m../../../AppData/Local/Temp/chromatic--7116-7m7qDlyjRe00/[22m[36massets/preview-5ef354f3.js                          [39m[1m[2m  0.69 kB[22m[1m[22m[2m │ gzip:   0.49 kB[22m[2m │ map:     3.84 kB[22m
[2m../../../AppData/Local/Temp/chromatic--7116-7m7qDlyjRe00/[22m[36massets/_commonjsHelpers-042e6b4d.js                 [39m[1m[2m  0.78 kB[22m[1m[22m[2m │ gzip:   0.44 kB[22m[2m │ map:     0.11 kB[22m
[2m../../../AppData/Local/Temp/chromatic--7116-7m7qDlyjRe00/[22m[36massets/index-356e4a49.js                            [39m[1m[2m  0.81 kB[22m[1m[22m[2m │ gzip:   0.51 kB[22m[2m │ map:     3.24 kB[22m
[2m../../../AppData/Local/Temp/chromatic--7116-7m7qDlyjRe00/[22m[36massets/index-1fc0ca9a.js                            [39m[1m[2m  0.84 kB[22m[1m[22m[2m │ gzip:   0.55 kB[22m[2m │ map:     4.05 kB[22m
[2m../../../AppData/Local/Temp/chromatic--7116-7m7qDlyjRe00/[22m[36massets/preview-b1164a2e.js                          [39m[1m[2m  0.88 kB[22m[1m[22m[2m │ gzip:   0.58 kB[22m[2m │ map:     2.85 kB[22m
[2m../../../AppData/Local/Temp/chromatic--7116-7m7qDlyjRe00/[22m[36massets/Header.stories-cff7ec33.js                   [39m[1m[2m  0.92 kB[22m[1m[22m[2m │ gzip:   0.49 kB[22m[2m │ map:     0.11 kB[22m
[2m../../../AppData/Local/Temp/chromatic--7116-7m7qDlyjRe00/[22m[36massets/jsx-runtime-91a467a5.js                      [39m[1m[2m  1.02 kB[22m[1m[22m[2m │ gzip:   0.64 kB[22m[2m │ map:     2.27 kB[22m
[2m../../../AppData/Local/Temp/chromatic--7116-7m7qDlyjRe00/[22m[36massets/DocsRenderer-EYKKDMVH-3bdc5dc3.js            [39m[1m[2m  1.26 kB[22m[1m[22m[2m │ gzip:   0.69 kB[22m[2m │ map:     2.53 kB[22m
[2m../../../AppData/Local/Temp/chromatic--7116-7m7qDlyjRe00/[22m[36massets/Button-b78bc437.js                           [39m[1m[2m  1.48 kB[22m[1m[22m[2m │ gzip:   0.70 kB[22m[2m │ map:     1.87 kB[22m
[2m../../../AppData/Local/Temp/chromatic--7116-7m7qDlyjRe00/[22m[36massets/Button.stories-d2ecb285.js                   [39m[1m[2m  1.55 kB[22m[1m[22m[2m │ gzip:   0.60 kB[22m[2m │ map:     0.13 kB[22m
[2m../../../AppData/Local/Temp/chromatic--7116-7m7qDlyjRe00/[22m[36massets/Header-13c6e932.js                           [39m[1m[2m  1.69 kB[22m[1m[22m[2m │ gzip:   0.83 kB[22m[2m │ map:     3.04 kB[22m
[2m../../../AppData/Local/Temp/chromatic--7116-7m7qDlyjRe00/[22m[36massets/preview-a60aa466.js                          [39m[1m[2m  2.40 kB[22m[1m[22m[2m │ gzip:   1.25 kB[22m[2m │ map:    10.88 kB[22m
[2m../../../AppData/Local/Temp/chromatic--7116-7m7qDlyjRe00/[22m[36massets/index-d37d4223.js                            [39m[1m[2m  2.63 kB[22m[1m[22m[2m │ gzip:   1.30 kB[22m[2m │ map:     7.45 kB[22m
[2m../../../AppData/Local/Temp/chromatic--7116-7m7qDlyjRe00/[22m[36massets/preview-770cc08b.js                          [39m[1m[2m  3.22 kB[22m[1m[22m[2m │ gzip:   1.39 kB[22m[2m │ map:    10.00 kB[22m
[2m../../../AppData/Local/Temp/chromatic--7116-7m7qDlyjRe00/[22m[36massets/iframe-e05cf380.js                           [39m[1m[2m  5.08 kB[22m[1m[22m[2m │ gzip:   1.76 kB[22m[2m │ map:     5.65 kB[22m
[2m../../../AppData/Local/Temp/chromatic--7116-7m7qDlyjRe00/[22m[36massets/Introduction-307f2962.js                     [39m[1m[2m  6.65 kB[22m[1m[22m[2m │ gzip:   2.21 kB[22m[2m │ map:    11.35 kB[22m
[2m../../../AppData/Local/Temp/chromatic--7116-7m7qDlyjRe00/[22m[36massets/index-8db94870.js                            [39m[1m[2m  7.21 kB[22m[1m[22m[2m │ gzip:   2.95 kB[22m[2m │ map:    15.66 kB[22m
[2m../../../AppData/Local/Temp/chromatic--7116-7m7qDlyjRe00/[22m[36massets/preview-d8c963a4.js                          [39m[1m[2m  7.67 kB[22m[1m[22m[2m │ gzip:   1.60 kB[22m[2m │ map:    13.66 kB[22m
[2m../../../AppData/Local/Temp/chromatic--7116-7m7qDlyjRe00/[22m[36massets/preview-2cd4e1a1.js                          [39m[1m[2m  8.00 kB[22m[1m[22m[2m │ gzip:   3.04 kB[22m[2m │ map:    28.07 kB[22m
[2m../../../AppData/Local/Temp/chromatic--7116-7m7qDlyjRe00/[22m[36massets/index-3639c647.js                            [39m[1m[2m 10.06 kB[22m[1m[22m[2m │ gzip:   3.66 kB[22m[2m │ map:    26.59 kB[22m
[2m../../../AppData/Local/Temp/chromatic--7116-7m7qDlyjRe00/[22m[36massets/GlobalScrollAreaStyles-XIHNDKUY-a9cab185.js  [39m[1m[2m 10.40 kB[22m[1m[22m[2m │ gzip:   2.34 kB[22m[2m │ map:    15.71 kB[22m
[2m../../../AppData/Local/Temp/chromatic--7116-7m7qDlyjRe00/[22m[36massets/preview-bc596eab.js                          [39m[1m[2m 11.13 kB[22m[1m[22m[2m │ gzip:   3.76 kB[22m[2m │ map:    41.72 kB[22m
[2m../../../AppData/Local/Temp/chromatic--7116-7m7qDlyjRe00/[22m[36massets/Color-3YIJY6X7-2cf09f1b.js                   [39m[1m[2m 31.03 kB[22m[1m[22m[2m │ gzip:  11.64 kB[22m[2m │ map:   112.37 kB[22m
[2m../../../AppData/Local/Temp/chromatic--7116-7m7qDlyjRe00/[22m[36massets/OverlayScrollbars-VAV6LJAB-f31de39e.js       [39m[1m[2m 58.97 kB[22m[1m[22m[2m │ gzip:  25.27 kB[22m[2m │ map:   277.44 kB[22m
[2m../../../AppData/Local/Temp/chromatic--7116-7m7qDlyjRe00/[22m[36massets/index-8ed55615.js                            [39m[1m[2m213.43 kB[22m[1m[22m[2m │ gzip:  66.95 kB[22m[2m │ map:   648.57 kB[22m
[2m../../../AppData/Local/Temp/chromatic--7116-7m7qDlyjRe00/[22m[36massets/Page.stories-77c0b8e2.js                     [39m[1m[2m272.91 kB[22m[1m[22m[2m │ gzip:  65.77 kB[22m[2m │ map:   970.38 kB[22m
[2m../../../AppData/Local/Temp/chromatic--7116-7m7qDlyjRe00/[22m[36massets/config-3489c8eb.js                           [39m[1m[2m318.31 kB[22m[1m[22m[2m │ gzip:  98.37 kB[22m[2m │ map: 1,135.61 kB[22m
[2m../../../AppData/Local/Temp/chromatic--7116-7m7qDlyjRe00/[22m[36massets/index-a03e00ab.js                            [39m[1m[33m501.62 kB[39m[22m[2m │ gzip: 165.14 kB[22m[2m │ map: 1,434.39 kB[22m
[2m../../../AppData/Local/Temp/chromatic--7116-7m7qDlyjRe00/[22m[36massets/formatter-S4K5WUZV-61291994.js               [39m[1m[33m601.61 kB[39m[22m[2m │ gzip: 185.03 kB[22m[2m │ map: 1,314.26 kB[22m
[33m
(!) Some chunks are larger than 500 kBs after minification. Consider:
- Using dynamic import() to code-split the application
- Use build.rollupOptions.output.manualChunks to improve chunking: https://rollupjs.org/configuration-options/#output-manualchunks
- Adjust chunk size limit for this warning via build.chunkSizeWarningLimit.[39m
[32m✓ built in 13.61s[39m
info => Output directory: C:\Users\ygjung\AppData\Local\Temp\chromatic--7116-7m7qDlyjRe00
